     1                                  ;hello-os
     2                                  ;TAB = 4
     3                                  
     4                                  	ORG		0x7c00	; ブートセクタが読み込まれるアドレスの１つ
     5                                  
     6                                  ; Description for FAT12 format floppy
     7 00000000 EB4E                    	JMP		entry
     8 00000002 90                      	DB		0x90
     9 00000003 48454C4C4F49504C        	DB		"HELLOIPL"
    10 0000000B 0002                    	DW		512
    11 0000000D 01                      	DB		1
    12 0000000E 0100                    	DW		1
    13 00000010 02                      	DB		2
    14 00000011 E000                    	DW		224
    15 00000013 400B                    	DW		2880
    16 00000015 F0                      	DB		0xf0
    17 00000016 0900                    	DW		9
    18 00000018 1200                    	DW		18
    19 0000001A 0200                    	DW		2
    20 0000001C 00000000                	DD		0
    21 00000020 400B0000                	DD		2880
    22 00000024 000029                  	DB		0,0,0x29
    23 00000027 FFFFFFFF                	DD		0xffffffff
    24 0000002B 48454C4C4F2D4F5320-     	DB		"HELLO-OS   "
    24 00000034 2020               
    25 00000036 4641543132202020        	DB		"FAT12   "
    26 0000003E <res 00000012>          	RESB	18
    26          ******************       warning: uninitialized space declared in .text section: zeroing
    27                                  
    28                                  ; Main program
    29                                  entry:
    30 00000050 B80000                  	MOV		AX,0			; MOV means substitution.
    31 00000053 8ED0                    	MOV		SS,AX			; AX, SS, SP, DS, ES are registers.
    32 00000055 BC007C                  	MOV		SP,0x7c00
    33 00000058 8ED8                    	MOV		DS,AX
    34 0000005A 8EC0                    	MOV		ES,AX
    35                                  
    36 0000005C BE[7400]                	MOV		SI,msg
    37                                  
    38                                  putloop:
    39 0000005F 8A04                    	MOV		AL,[SI]		; MOV AL, BYTE[SI] ともかけるが，AL が4 bitであり，bit数を揃えなければならないので，BYTE は省略.
    40 00000061 83C601                  	ADD		SI,1
    41 00000064 3C00                    	CMP		AL,0
    42 00000066 7409                    	JE		fin				; => if (AL == 0) { goto fin }
    43 00000068 B40E                    	MOV		AH,0x0e		; AH = 0x0e
    44 0000006A BB0F00                  	MOV		BX,15			; BH = 0; BL = color code
    45 0000006D CD10                    	INT		0x10			; Call the function where is in `0x10` for operate video card from BIOS.
    46 0000006F EBEE                    	JMP		putloop
    47                                  
    48                                  fin:
    49 00000071 F4                      	HLT							; CPUを待機状態に
    50 00000072 EBFD                    	JMP		fin				; Infinit loop
    51                                  
    52                                  msg:
    53 00000074 0A0A                    	DB		0x0a,0x0a
    54 00000076 48656C6C6F2C20776F-     	DB		"Hello, world!"
    54 0000007F 726C6421           
    55 00000083 0A0A                    	DB		0x0a,0x0a
    56 00000085 49206C696B65204D69-     	DB		"I like Milky Holmes."
    56 0000008E 6C6B7920486F6C6D65-
    56 00000097 732E               
    57 00000099 0A                      	DB		0x0a
    58 0000009A 00                      	DB		0
    59 0000009B <res 00000163>          	RESB	0x1fe-($-$$)
    59          ******************       warning: uninitialized space declared in .text section: zeroing
    60 000001FE 55AA                    	DB		0x55,0xaa
